Arguments: 
  C:\Program Files\nodejs\node.exe C:\Users\GURPREET SINGH\AppData\Roaming\npm\node_modules\yarn\bin\yarn.js add express mongoose dotenv helmet morgon nodemon

PATH: 
  C:\ProgramData\Anaconda3;C:\ProgramData\Anaconda3\Library\mingw-w64\bin;C:\ProgramData\Anaconda3\Library\usr\bin;C:\ProgramData\Anaconda3\Library\bin;C:\ProgramData\Anaconda3\Scripts;C:\Program Files\Python310\Scripts\;C:\Program Files\Python310\;C:\Program Files\Common Files\Oracle\Java\javapath;C:\windows\system32;C:\windows;C:\windows\System32\Wbem;C:\windows\System32\WindowsPowerShell\v1.0\;C:\windows\System32\OpenSSH\;C:\Program Files (x86)\NVIDIA Corporation\PhysX\Common;C:\Program Files\NVIDIA Corporation\NVIDIA NvDLISR;C:\Program Files\Java\jdk-16.0.1\bin;C:\ProgramData\chocolatey\bin;C:\Program Files\Git\cmd;C:\WINDOWS\system32;C:\WINDOWS;C:\WINDOWS\System32\Wbem;C:\WINDOWS\System32\WindowsPowerShell\v1.0\;C:\WINDOWS\System32\OpenSSH\;C:\Users\GURPREET SINGH\AppData\Roaming\Python\Python310\Scripts\;C:\Program Files\nodejs\;C:\Users\GURPREET SINGH\AppData\Local\Microsoft\WindowsApps;C:\Users\GURPREET SINGH\AppData\Local\Programs\Microsoft VS Code\bin;C:\Program Files\JetBrains\IntelliJ IDEA Community Edition 2021.1.2\bin;;C:\Program Files\MongoDB\Server\4.4\bin;C:\Program Files\heroku\bin;C:\Program Files\Python310\Scripts;C:\Users\GURPREET SINGH\AppData\Local\GitHubDesktop\bin;C:\Users\GURPREET SINGH\AppData\Roaming\npm;C:\Program Files\MongoDB\Server\5.0\bin;C:\Program Files\CodeBlocks\MinGW\bin;

Yarn version: 
  1.22.19

Node version: 
  18.4.0

Platform: 
  win32 x64

Trace: 
  Error: https://registry.yarnpkg.com/morgon: Not found
      at params.callback [as _callback] (C:\Users\GURPREET SINGH\AppData\Roaming\npm\node_modules\yarn\lib\cli.js:66145:18)
      at self.callback (C:\Users\GURPREET SINGH\AppData\Roaming\npm\node_modules\yarn\lib\cli.js:140890:22)
      at Request.emit (node:events:537:28)
      at Request.<anonymous> (C:\Users\GURPREET SINGH\AppData\Roaming\npm\node_modules\yarn\lib\cli.js:141862:10)
      at Request.emit (node:events:537:28)
      at IncomingMessage.<anonymous> (C:\Users\GURPREET SINGH\AppData\Roaming\npm\node_modules\yarn\lib\cli.js:141784:12)
      at Object.onceWrapper (node:events:651:28)
      at IncomingMessage.emit (node:events:549:35)
      at endReadableNT (node:internal/streams/readable:1359:12)
      at process.processTicksAndRejections (node:internal/process/task_queues:82:21)

npm manifest: 
  {
    "name": "social-media-project",
    "version": "1.0.0",
    "description": "",
    "main": "index.js",
    "scripts": {
      "test": "echo \"Error: no test specified\" && exit 1"
    },
    "author": "",
    "license": "ISC"
  }

yarn manifest: 
  No manifest

Lockfile: 
  No lockfile
